<?xml version="1.0" encoding="UTF-8"?>
<coverage generated="1776242734">
  <project timestamp="1776242734">
    <file name="/shared/httpd/php/htdocs/Perique-Settings-Page/src/Handler/Form_Handler.php">
      <class name="PinkCrab\Perique_Settings_Page\Handler\Form_Handler" namespace="global">
        <metrics complexity="37" methods="8" coveredmethods="8" conditionals="0" coveredconditionals="0" statements="96" coveredstatements="96" elements="104" coveredelements="104"/>
      </class>
      <line num="73" type="method" name="__construct" visibility="public" complexity="2" crap="2" count="20"/>
      <line num="81" type="stmt" count="20"/>
      <line num="82" type="stmt" count="20"/>
      <line num="83" type="stmt" count="20"/>
      <line num="84" type="stmt" count="20"/>
      <line num="85" type="stmt" count="20"/>
      <line num="86" type="stmt" count="20"/>
      <line num="94" type="method" name="process" visibility="public" complexity="14" crap="14" count="20"/>
      <line num="95" type="stmt" count="20"/>
      <line num="98" type="stmt" count="20"/>
      <line num="99" type="stmt" count="3"/>
      <line num="103" type="stmt" count="17"/>
      <line num="104" type="stmt" count="2"/>
      <line num="108" type="stmt" count="15"/>
      <line num="110" type="stmt" count="15"/>
      <line num="111" type="stmt" count="1"/>
      <line num="112" type="stmt" count="1"/>
      <line num="113" type="stmt" count="1"/>
      <line num="118" type="stmt" count="14"/>
      <line num="119" type="stmt" count="14"/>
      <line num="120" type="stmt" count="3"/>
      <line num="124" type="stmt" count="11"/>
      <line num="125" type="stmt" count="11"/>
      <line num="127" type="stmt" count="11"/>
      <line num="128" type="stmt" count="11"/>
      <line num="129" type="stmt" count="1"/>
      <line num="130" type="stmt" count="1"/>
      <line num="131" type="stmt" count="1"/>
      <line num="134" type="stmt" count="10"/>
      <line num="135" type="stmt" count="1"/>
      <line num="136" type="stmt" count="1"/>
      <line num="137" type="stmt" count="1"/>
      <line num="138" type="stmt" count="1"/>
      <line num="139" type="stmt" count="1"/>
      <line num="140" type="stmt" count="1"/>
      <line num="142" type="stmt" count="1"/>
      <line num="145" type="stmt" count="9"/>
      <line num="146" type="stmt" count="9"/>
      <line num="147" type="stmt" count="9"/>
      <line num="149" type="stmt" count="9"/>
      <line num="150" type="stmt" count="8"/>
      <line num="152" type="stmt" count="1"/>
      <line num="153" type="stmt" count="1"/>
      <line num="155" type="stmt" count="1"/>
      <line num="156" type="stmt" count="1"/>
      <line num="157" type="stmt" count="1"/>
      <line num="158" type="stmt" count="1"/>
      <line num="162" type="stmt" count="11"/>
      <line num="163" type="stmt" count="1"/>
      <line num="166" type="stmt" count="10"/>
      <line num="167" type="stmt" count="10"/>
      <line num="168" type="stmt" count="10"/>
      <line num="169" type="stmt" count="10"/>
      <line num="170" type="stmt" count="10"/>
      <line num="178" type="method" name="get_request_data" visibility="protected" complexity="2" crap="2" count="20"/>
      <line num="180" type="stmt" count="20"/>
      <line num="189" type="method" name="is_valid_request" visibility="protected" complexity="2" crap="2" count="20"/>
      <line num="190" type="stmt" count="20"/>
      <line num="191" type="stmt" count="2"/>
      <line num="194" type="stmt" count="18"/>
      <line num="203" type="method" name="verify_nonce" visibility="protected" complexity="2" crap="2" count="17"/>
      <line num="204" type="stmt" count="17"/>
      <line num="205" type="stmt" count="1"/>
      <line num="208" type="stmt" count="16"/>
      <line num="209" type="stmt" count="16"/>
      <line num="210" type="stmt" count="16"/>
      <line num="211" type="stmt" count="16"/>
      <line num="221" type="method" name="validate_all_fields" visibility="protected" complexity="8" crap="8" count="14"/>
      <line num="222" type="stmt" count="14"/>
      <line num="224" type="stmt" count="14"/>
      <line num="225" type="stmt" count="14"/>
      <line num="226" type="stmt" count="1"/>
      <line num="229" type="stmt" count="13"/>
      <line num="230" type="stmt" count="2"/>
      <line num="231" type="stmt" count="2"/>
      <line num="232" type="stmt" count="2"/>
      <line num="233" type="stmt" count="2"/>
      <line num="234" type="stmt" count="1"/>
      <line num="236" type="stmt" count="2"/>
      <line num="239" type="stmt" count="11"/>
      <line num="241" type="stmt" count="11"/>
      <line num="242" type="stmt" count="2"/>
      <line num="243" type="stmt" count="2"/>
      <line num="244" type="stmt" count="2"/>
      <line num="246" type="stmt" count="2"/>
      <line num="247" type="stmt" count="2"/>
      <line num="248" type="stmt" count="2"/>
      <line num="249" type="stmt" count="2"/>
      <line num="253" type="stmt" count="14"/>
      <line num="263" type="method" name="get_field_value" visibility="protected" complexity="6" crap="6" count="13"/>
      <line num="265" type="stmt" count="13"/>
      <line num="266" type="stmt" count="10"/>
      <line num="270" type="stmt" count="3"/>
      <line num="271" type="stmt" count="3"/>
      <line num="272" type="stmt" count="1"/>
      <line num="276" type="stmt" count="2"/>
      <line num="277" type="stmt" count="1"/>
      <line num="278" type="stmt" count="1"/>
      <line num="283" type="stmt" count="1"/>
      <line num="292" type="method" name="update_repeater" visibility="protected" complexity="1" crap="1" count="1"/>
      <line num="293" type="stmt" count="1"/>
      <line num="294" type="stmt" count="1"/>
      <line num="295" type="stmt" count="1"/>
      <line num="296" type="stmt" count="1"/>
      <metrics loc="299" ncloc="201" classes="1" methods="8" coveredmethods="8" conditionals="0" coveredconditionals="0" statements="96" coveredstatements="96" elements="104" coveredelements="104"/>
    </file>
    <file name="/shared/httpd/php/htdocs/Perique-Settings-Page/src/Handler/Notice_Handler.php">
      <class name="PinkCrab\Perique_Settings_Page\Handler\Notice_Handler" namespace="global">
        <metrics complexity="7" methods="3" coveredmethods="3" conditionals="0" coveredconditionals="0" statements="39" coveredstatements="39" elements="42" coveredelements="42"/>
      </class>
      <line num="28" type="method" name="from_result" visibility="public" complexity="5" crap="5" count="7"/>
      <line num="29" type="stmt" count="7"/>
      <line num="30" type="stmt" count="2"/>
      <line num="31" type="stmt" count="2"/>
      <line num="34" type="stmt" count="5"/>
      <line num="35" type="stmt" count="2"/>
      <line num="36" type="stmt" count="2"/>
      <line num="40" type="stmt" count="3"/>
      <line num="41" type="stmt" count="3"/>
      <line num="42" type="stmt" count="3"/>
      <line num="43" type="stmt" count="3"/>
      <line num="47" type="stmt" count="3"/>
      <line num="48" type="stmt" count="3"/>
      <line num="49" type="stmt" count="3"/>
      <line num="50" type="stmt" count="3"/>
      <line num="51" type="stmt" count="3"/>
      <line num="53" type="stmt" count="3"/>
      <line num="54" type="stmt" count="3"/>
      <line num="55" type="stmt" count="3"/>
      <line num="58" type="stmt" count="2"/>
      <line num="59" type="stmt" count="3"/>
      <line num="60" type="stmt" count="3"/>
      <line num="69" type="method" name="success" visibility="public" complexity="1" crap="1" count="3"/>
      <line num="70" type="stmt" count="3"/>
      <line num="71" type="stmt" count="3"/>
      <line num="72" type="stmt" count="3"/>
      <line num="73" type="stmt" count="2"/>
      <line num="74" type="stmt" count="2"/>
      <line num="75" type="stmt" count="2"/>
      <line num="76" type="stmt" count="2"/>
      <line num="77" type="stmt" count="3"/>
      <line num="78" type="stmt" count="3"/>
      <line num="87" type="method" name="error" visibility="public" complexity="1" crap="1" count="3"/>
      <line num="88" type="stmt" count="3"/>
      <line num="89" type="stmt" count="3"/>
      <line num="90" type="stmt" count="3"/>
      <line num="91" type="stmt" count="3"/>
      <line num="92" type="stmt" count="3"/>
      <line num="93" type="stmt" count="3"/>
      <line num="94" type="stmt" count="3"/>
      <line num="95" type="stmt" count="3"/>
      <line num="96" type="stmt" count="3"/>
      <metrics loc="99" ncloc="65" classes="1" methods="3" coveredmethods="3" conditionals="0" coveredconditionals="0" statements="39" coveredstatements="39" elements="42" coveredelements="42"/>
    </file>
    <file name="/shared/httpd/php/htdocs/Perique-Settings-Page/src/Handler/Repeater_Form_Value_Helper.php">
      <class name="PinkCrab\Perique_Settings_Page\Handler\Repeater_Form_Value_Helper" namespace="global">
        <metrics complexity="21" methods="5" coveredmethods="5" conditionals="0" coveredconditionals="0" statements="35" coveredstatements="35" elements="40" coveredelements="40"/>
      </class>
      <line num="47" type="method" name="__construct" visibility="public" complexity="2" crap="2" count="15"/>
      <line num="48" type="stmt" count="15"/>
      <line num="52" type="stmt" count="15"/>
      <line num="53" type="stmt" count="15"/>
      <line num="62" type="method" name="process" visibility="public" complexity="1" crap="1" count="2"/>
      <line num="64" type="stmt" count="2"/>
      <line num="65" type="stmt" count="2"/>
      <line num="74" type="method" name="get_sort_order" visibility="protected" complexity="6" crap="6" count="12"/>
      <line num="76" type="stmt" count="12"/>
      <line num="77" type="stmt" count="9"/>
      <line num="78" type="stmt" count="9"/>
      <line num="79" type="stmt" count="2"/>
      <line num="81" type="stmt" count="7"/>
      <line num="85" type="stmt" count="3"/>
      <line num="86" type="stmt" count="3"/>
      <line num="87" type="stmt" count="1"/>
      <line num="90" type="stmt" count="2"/>
      <line num="99" type="method" name="get_sanitized_post_values" visibility="protected" complexity="6" crap="6" count="10"/>
      <line num="100" type="stmt" count="10"/>
      <line num="101" type="stmt" count="10"/>
      <line num="103" type="stmt" count="10"/>
      <line num="104" type="stmt" count="1"/>
      <line num="107" type="stmt" count="9"/>
      <line num="109" type="stmt" count="9"/>
      <line num="110" type="stmt" count="9"/>
      <line num="111" type="stmt" count="7"/>
      <line num="112" type="stmt" count="4"/>
      <line num="115" type="stmt" count="9"/>
      <line num="124" type="method" name="reorder_values" visibility="protected" complexity="6" crap="6" count="7"/>
      <line num="125" type="stmt" count="7"/>
      <line num="126" type="stmt" count="7"/>
      <line num="129" type="stmt" count="7"/>
      <line num="132" type="stmt" count="7"/>
      <line num="133" type="stmt" count="1"/>
      <line num="137" type="stmt" count="6"/>
      <line num="138" type="stmt" count="6"/>
      <line num="139" type="stmt" count="6"/>
      <line num="140" type="stmt" count="5"/>
      <line num="141" type="stmt" count="4"/>
      <line num="145" type="stmt" count="6"/>
      <metrics loc="148" ncloc="85" classes="1" methods="5" coveredmethods="5" conditionals="0" coveredconditionals="0" statements="35" coveredstatements="35" elements="40" coveredelements="40"/>
    </file>
    <file name="/shared/httpd/php/htdocs/Perique-Settings-Page/src/Handler/Submission_Result.php">
      <class name="PinkCrab\Perique_Settings_Page\Handler\Submission_Result" namespace="global">
        <metrics complexity="11" methods="11" coveredmethods="11" conditionals="0" coveredconditionals="0" statements="13" coveredstatements="13" elements="24" coveredelements="24"/>
      </class>
      <line num="43" type="method" name="__construct" visibility="protected" complexity="1" crap="1" count="35"/>
      <line num="44" type="stmt" count="35"/>
      <line num="45" type="stmt" count="35"/>
      <line num="46" type="stmt" count="35"/>
      <line num="55" type="method" name="success" visibility="public" complexity="1" crap="1" count="14"/>
      <line num="56" type="stmt" count="14"/>
      <line num="64" type="method" name="nonce_failed" visibility="public" complexity="1" crap="1" count="5"/>
      <line num="65" type="stmt" count="5"/>
      <line num="74" type="method" name="validation_failed" visibility="public" complexity="1" crap="1" count="9"/>
      <line num="75" type="stmt" count="9"/>
      <line num="84" type="method" name="persistence_failed" visibility="public" complexity="1" crap="1" count="3"/>
      <line num="85" type="stmt" count="3"/>
      <line num="93" type="method" name="no_submission" visibility="public" complexity="1" crap="1" count="4"/>
      <line num="94" type="stmt" count="4"/>
      <line num="102" type="method" name="is_success" visibility="public" complexity="1" crap="1" count="31"/>
      <line num="103" type="stmt" count="31"/>
      <line num="111" type="method" name="get_message" visibility="public" complexity="1" crap="1" count="16"/>
      <line num="112" type="stmt" count="16"/>
      <line num="120" type="method" name="get_field_errors" visibility="public" complexity="1" crap="1" count="6"/>
      <line num="121" type="stmt" count="6"/>
      <line num="129" type="method" name="has_field_errors" visibility="public" complexity="1" crap="1" count="11"/>
      <line num="130" type="stmt" count="11"/>
      <line num="139" type="method" name="get_errors_for" visibility="public" complexity="1" crap="1" count="2"/>
      <line num="140" type="stmt" count="2"/>
      <metrics loc="143" ncloc="62" classes="1" methods="11" coveredmethods="11" conditionals="0" coveredconditionals="0" statements="13" coveredstatements="13" elements="24" coveredelements="24"/>
    </file>
    <file name="/shared/httpd/php/htdocs/Perique-Settings-Page/src/Mapper/Element_Mapper.php">
      <class name="PinkCrab\Perique_Settings_Page\Mapper\Element_Mapper" namespace="global">
        <metrics complexity="137" methods="34" coveredmethods="34" conditionals="0" coveredconditionals="0" statements="397" coveredstatements="397" elements="431" coveredelements="431"/>
      </class>
      <line num="99" type="method" name="set_view" visibility="public" complexity="1" crap="1" count="5"/>
      <line num="100" type="stmt" count="5"/>
      <line num="101" type="stmt" count="5"/>
      <line num="110" type="method" name="set_field_errors" visibility="public" complexity="1" crap="1" count="2"/>
      <line num="111" type="stmt" count="2"/>
      <line num="112" type="stmt" count="2"/>
      <line num="121" type="method" name="to_element" visibility="public" complexity="6" crap="6" count="65"/>
      <line num="123" type="stmt" count="65"/>
      <line num="124" type="stmt" count="10"/>
      <line num="127" type="stmt" count="65"/>
      <line num="128" type="stmt" count="1"/>
      <line num="129" type="stmt" count="1"/>
      <line num="130" type="stmt" count="1"/>
      <line num="133" type="stmt" count="64"/>
      <line num="134" type="stmt" count="1"/>
      <line num="135" type="stmt" count="1"/>
      <line num="136" type="stmt" count="1"/>
      <line num="137" type="stmt" count="1"/>
      <line num="138" type="stmt" count="1"/>
      <line num="139" type="stmt" count="1"/>
      <line num="140" type="stmt" count="1"/>
      <line num="141" type="stmt" count="1"/>
      <line num="145" type="stmt" count="63"/>
      <line num="146" type="stmt" count="2"/>
      <line num="150" type="stmt" count="61"/>
      <line num="151" type="stmt" count="60"/>
      <line num="152" type="stmt" count="60"/>
      <line num="153" type="stmt" count="60"/>
      <line num="157" type="stmt" count="1"/>
      <line num="158" type="stmt" count="1"/>
      <line num="167" type="method" name="create_element" visibility="protected" complexity="1" crap="1" count="60"/>
      <line num="168" type="stmt" count="60"/>
      <line num="169" type="stmt" count="60"/>
      <line num="170" type="stmt" count="60"/>
      <line num="171" type="stmt" count="60"/>
      <line num="172" type="stmt" count="60"/>
      <line num="173" type="stmt" count="60"/>
      <line num="174" type="stmt" count="60"/>
      <line num="175" type="stmt" count="60"/>
      <line num="176" type="stmt" count="60"/>
      <line num="177" type="stmt" count="60"/>
      <line num="178" type="stmt" count="60"/>
      <line num="179" type="stmt" count="60"/>
      <line num="180" type="stmt" count="60"/>
      <line num="181" type="stmt" count="60"/>
      <line num="182" type="stmt" count="60"/>
      <line num="183" type="stmt" count="60"/>
      <line num="184" type="stmt" count="60"/>
      <line num="185" type="stmt" count="60"/>
      <line num="186" type="stmt" count="60"/>
      <line num="187" type="stmt" count="60"/>
      <line num="188" type="stmt" count="60"/>
      <line num="197" type="method" name="map_text" visibility="protected" complexity="5" crap="5" count="24"/>
      <line num="198" type="stmt" count="24"/>
      <line num="200" type="stmt" count="24"/>
      <line num="201" type="stmt" count="1"/>
      <line num="204" type="stmt" count="24"/>
      <line num="205" type="stmt" count="1"/>
      <line num="208" type="stmt" count="24"/>
      <line num="217" type="method" name="map_email" visibility="protected" complexity="5" crap="5" count="2"/>
      <line num="218" type="stmt" count="2"/>
      <line num="219" type="stmt" count="2"/>
      <line num="221" type="stmt" count="2"/>
      <line num="222" type="stmt" count="1"/>
      <line num="225" type="stmt" count="2"/>
      <line num="226" type="stmt" count="1"/>
      <line num="229" type="stmt" count="2"/>
      <line num="238" type="method" name="map_phone" visibility="protected" complexity="5" crap="5" count="2"/>
      <line num="239" type="stmt" count="2"/>
      <line num="240" type="stmt" count="2"/>
      <line num="242" type="stmt" count="2"/>
      <line num="243" type="stmt" count="1"/>
      <line num="246" type="stmt" count="2"/>
      <line num="247" type="stmt" count="1"/>
      <line num="250" type="stmt" count="2"/>
      <line num="259" type="method" name="map_url" visibility="protected" complexity="5" crap="5" count="2"/>
      <line num="260" type="stmt" count="2"/>
      <line num="262" type="stmt" count="2"/>
      <line num="263" type="stmt" count="1"/>
      <line num="266" type="stmt" count="2"/>
      <line num="267" type="stmt" count="1"/>
      <line num="270" type="stmt" count="2"/>
      <line num="279" type="method" name="map_password" visibility="protected" complexity="3" crap="3" count="2"/>
      <line num="280" type="stmt" count="2"/>
      <line num="281" type="stmt" count="2"/>
      <line num="283" type="stmt" count="2"/>
      <line num="284" type="stmt" count="1"/>
      <line num="287" type="stmt" count="2"/>
      <line num="296" type="method" name="map_textarea" visibility="protected" complexity="5" crap="5" count="2"/>
      <line num="297" type="stmt" count="2"/>
      <line num="299" type="stmt" count="2"/>
      <line num="300" type="stmt" count="1"/>
      <line num="303" type="stmt" count="2"/>
      <line num="304" type="stmt" count="1"/>
      <line num="307" type="stmt" count="2"/>
      <line num="308" type="stmt" count="1"/>
      <line num="311" type="stmt" count="2"/>
      <line num="320" type="method" name="map_hidden" visibility="protected" complexity="1" crap="1" count="1"/>
      <line num="321" type="stmt" count="1"/>
      <line num="330" type="method" name="map_number" visibility="protected" complexity="6" crap="6" count="2"/>
      <line num="331" type="stmt" count="2"/>
      <line num="333" type="stmt" count="2"/>
      <line num="334" type="stmt" count="1"/>
      <line num="338" type="stmt" count="2"/>
      <line num="339" type="stmt" count="1"/>
      <line num="341" type="stmt" count="2"/>
      <line num="342" type="stmt" count="1"/>
      <line num="344" type="stmt" count="2"/>
      <line num="345" type="stmt" count="1"/>
      <line num="348" type="stmt" count="2"/>
      <line num="357" type="method" name="map_checkbox" visibility="protected" complexity="2" crap="2" count="3"/>
      <line num="358" type="stmt" count="3"/>
      <line num="360" type="stmt" count="3"/>
      <line num="363" type="stmt" count="3"/>
      <line num="364" type="stmt" count="1"/>
      <line num="367" type="stmt" count="3"/>
      <line num="376" type="method" name="map_select" visibility="protected" complexity="2" crap="2" count="2"/>
      <line num="377" type="stmt" count="2"/>
      <line num="378" type="stmt" count="2"/>
      <line num="380" type="stmt" count="2"/>
      <line num="381" type="stmt" count="1"/>
      <line num="384" type="stmt" count="2"/>
      <line num="393" type="method" name="map_radio" visibility="protected" complexity="3" crap="3" count="2"/>
      <line num="394" type="stmt" count="2"/>
      <line num="395" type="stmt" count="2"/>
      <line num="397" type="stmt" count="2"/>
      <line num="398" type="stmt" count="2"/>
      <line num="399" type="stmt" count="1"/>
      <line num="402" type="stmt" count="2"/>
      <line num="411" type="method" name="map_colour" visibility="protected" complexity="3" crap="3" count="2"/>
      <line num="412" type="stmt" count="2"/>
      <line num="414" type="stmt" count="2"/>
      <line num="415" type="stmt" count="1"/>
      <line num="418" type="stmt" count="2"/>
      <line num="427" type="method" name="map_checkbox_group" visibility="protected" complexity="2" crap="2" count="2"/>
      <line num="428" type="stmt" count="2"/>
      <line num="429" type="stmt" count="2"/>
      <line num="431" type="stmt" count="2"/>
      <line num="432" type="stmt" count="2"/>
      <line num="433" type="stmt" count="2"/>
      <line num="436" type="stmt" count="2"/>
      <line num="445" type="method" name="map_wp_editor" visibility="protected" complexity="1" crap="1" count="1"/>
      <line num="446" type="stmt" count="1"/>
      <line num="447" type="stmt" count="1"/>
      <line num="449" type="stmt" count="1"/>
      <line num="451" type="stmt" count="1"/>
      <line num="452" type="stmt" count="1"/>
      <line num="453" type="stmt" count="1"/>
      <line num="454" type="stmt" count="1"/>
      <line num="455" type="stmt" count="1"/>
      <line num="457" type="stmt" count="1"/>
      <line num="458" type="stmt" count="1"/>
      <line num="459" type="stmt" count="1"/>
      <line num="460" type="stmt" count="1"/>
      <line num="469" type="method" name="map_media_library" visibility="protected" complexity="5" crap="5" count="3"/>
      <line num="470" type="stmt" count="3"/>
      <line num="471" type="stmt" count="3"/>
      <line num="472" type="stmt" count="3"/>
      <line num="473" type="stmt" count="3"/>
      <line num="476" type="stmt" count="3"/>
      <line num="477" type="stmt" count="3"/>
      <line num="478" type="stmt" count="3"/>
      <line num="480" type="stmt" count="3"/>
      <line num="481" type="stmt" count="3"/>
      <line num="482" type="stmt" count="3"/>
      <line num="488" type="stmt" count="3"/>
      <line num="489" type="stmt" count="3"/>
      <line num="492" type="stmt" count="3"/>
      <line num="493" type="stmt" count="3"/>
      <line num="495" type="stmt" count="3"/>
      <line num="497" type="stmt" count="3"/>
      <line num="498" type="stmt" count="3"/>
      <line num="499" type="stmt" count="3"/>
      <line num="500" type="stmt" count="3"/>
      <line num="509" type="method" name="map_post_picker" visibility="protected" complexity="2" crap="2" count="3"/>
      <line num="510" type="stmt" count="3"/>
      <line num="511" type="stmt" count="3"/>
      <line num="512" type="stmt" count="3"/>
      <line num="513" type="stmt" count="3"/>
      <line num="514" type="stmt" count="3"/>
      <line num="515" type="stmt" count="3"/>
      <line num="516" type="stmt" count="3"/>
      <line num="518" type="stmt" count="3"/>
      <line num="520" type="stmt" count="3"/>
      <line num="521" type="stmt" count="3"/>
      <line num="522" type="stmt" count="3"/>
      <line num="524" type="stmt" count="3"/>
      <line num="525" type="stmt" count="3"/>
      <line num="526" type="stmt" count="3"/>
      <line num="529" type="stmt" count="3"/>
      <line num="531" type="stmt" count="3"/>
      <line num="533" type="stmt" count="3"/>
      <line num="535" type="stmt" count="3"/>
      <line num="536" type="stmt" count="3"/>
      <line num="537" type="stmt" count="3"/>
      <line num="546" type="method" name="map_user_picker" visibility="protected" complexity="2" crap="2" count="3"/>
      <line num="547" type="stmt" count="3"/>
      <line num="548" type="stmt" count="3"/>
      <line num="549" type="stmt" count="3"/>
      <line num="550" type="stmt" count="3"/>
      <line num="551" type="stmt" count="3"/>
      <line num="552" type="stmt" count="3"/>
      <line num="553" type="stmt" count="3"/>
      <line num="555" type="stmt" count="3"/>
      <line num="557" type="stmt" count="3"/>
      <line num="558" type="stmt" count="3"/>
      <line num="559" type="stmt" count="3"/>
      <line num="561" type="stmt" count="3"/>
      <line num="562" type="stmt" count="3"/>
      <line num="563" type="stmt" count="3"/>
      <line num="566" type="stmt" count="3"/>
      <line num="568" type="stmt" count="3"/>
      <line num="570" type="stmt" count="3"/>
      <line num="572" type="stmt" count="3"/>
      <line num="573" type="stmt" count="3"/>
      <line num="574" type="stmt" count="3"/>
      <line num="583" type="method" name="normalize_picker_ids" visibility="protected" complexity="3" crap="3" count="6"/>
      <line num="584" type="stmt" count="6"/>
      <line num="585" type="stmt" count="3"/>
      <line num="588" type="stmt" count="3"/>
      <line num="589" type="stmt" count="3"/>
      <line num="600" type="method" name="render_picker_hidden_inputs" visibility="protected" complexity="5" crap="5" count="6"/>
      <line num="601" type="stmt" count="6"/>
      <line num="602" type="stmt" count="3"/>
      <line num="603" type="stmt" count="3"/>
      <line num="606" type="stmt" count="3"/>
      <line num="607" type="stmt" count="2"/>
      <line num="608" type="stmt" count="2"/>
      <line num="609" type="stmt" count="2"/>
      <line num="610" type="stmt" count="2"/>
      <line num="611" type="stmt" count="2"/>
      <line num="612" type="stmt" count="2"/>
      <line num="615" type="stmt" count="1"/>
      <line num="616" type="stmt" count="1"/>
      <line num="617" type="stmt" count="1"/>
      <line num="618" type="stmt" count="1"/>
      <line num="619" type="stmt" count="1"/>
      <line num="620" type="stmt" count="1"/>
      <line num="621" type="stmt" count="1"/>
      <line num="622" type="stmt" count="1"/>
      <line num="624" type="stmt" count="1"/>
      <line num="633" type="method" name="map_repeater" visibility="protected" complexity="1" crap="1" count="1"/>
      <line num="634" type="stmt" count="1"/>
      <line num="636" type="stmt" count="1"/>
      <line num="637" type="stmt" count="1"/>
      <line num="638" type="stmt" count="1"/>
      <line num="639" type="stmt" count="1"/>
      <line num="648" type="method" name="map_fallback" visibility="protected" complexity="1" crap="1" count="1"/>
      <line num="649" type="stmt" count="1"/>
      <line num="650" type="stmt" count="1"/>
      <line num="651" type="stmt" count="1"/>
      <line num="652" type="stmt" count="1"/>
      <line num="653" type="stmt" count="1"/>
      <line num="654" type="stmt" count="1"/>
      <line num="655" type="stmt" count="1"/>
      <line num="656" type="stmt" count="1"/>
      <line num="666" type="method" name="apply_shared_attributes" visibility="protected" complexity="34" crap="34" count="61"/>
      <line num="669" type="stmt" count="61"/>
      <line num="670" type="stmt" count="61"/>
      <line num="674" type="stmt" count="61"/>
      <line num="675" type="stmt" count="1"/>
      <line num="676" type="stmt" count="1"/>
      <line num="681" type="stmt" count="61"/>
      <line num="682" type="stmt" count="4"/>
      <line num="686" type="stmt" count="61"/>
      <line num="687" type="stmt" count="61"/>
      <line num="688" type="stmt" count="61"/>
      <line num="689" type="stmt" count="61"/>
      <line num="691" type="stmt" count="54"/>
      <line num="695" type="stmt" count="61"/>
      <line num="696" type="stmt" count="1"/>
      <line num="700" type="stmt" count="61"/>
      <line num="701" type="stmt" count="2"/>
      <line num="705" type="stmt" count="61"/>
      <line num="706" type="stmt" count="1"/>
      <line num="713" type="stmt" count="61"/>
      <line num="714" type="stmt" count="36"/>
      <line num="715" type="stmt" count="29"/>
      <line num="720" type="stmt" count="61"/>
      <line num="721" type="stmt" count="1"/>
      <line num="725" type="stmt" count="61"/>
      <line num="726" type="stmt" count="1"/>
      <line num="729" type="stmt" count="61"/>
      <line num="730" type="stmt" count="1"/>
      <line num="735" type="stmt" count="61"/>
      <line num="736" type="stmt" count="1"/>
      <line num="740" type="stmt" count="61"/>
      <line num="741" type="stmt" count="9"/>
      <line num="742" type="stmt" count="1"/>
      <line num="747" type="stmt" count="61"/>
      <line num="748" type="stmt" count="2"/>
      <line num="749" type="stmt" count="2"/>
      <line num="750" type="stmt" count="2"/>
      <line num="755" type="stmt" count="61"/>
      <line num="756" type="stmt" count="1"/>
      <line num="759" type="stmt" count="61"/>
      <line num="771" type="method" name="map_field_group" visibility="protected" complexity="9" crap="9" count="2"/>
      <line num="772" type="stmt" count="2"/>
      <line num="773" type="stmt" count="2"/>
      <line num="775" type="stmt" count="2"/>
      <line num="776" type="stmt" count="2"/>
      <line num="777" type="stmt" count="2"/>
      <line num="778" type="stmt" count="2"/>
      <line num="779" type="stmt" count="2"/>
      <line num="780" type="stmt" count="2"/>
      <line num="782" type="stmt" count="2"/>
      <line num="783" type="stmt" count="1"/>
      <line num="784" type="stmt" count="2"/>
      <line num="786" type="stmt" count="2"/>
      <line num="787" type="stmt" count="2"/>
      <line num="788" type="stmt" count="1"/>
      <line num="792" type="stmt" count="2"/>
      <line num="794" type="stmt" count="2"/>
      <line num="795" type="stmt" count="2"/>
      <line num="796" type="stmt" count="2"/>
      <line num="797" type="stmt" count="2"/>
      <line num="798" type="stmt" count="2"/>
      <line num="799" type="stmt" count="2"/>
      <line num="800" type="stmt" count="2"/>
      <line num="801" type="stmt" count="2"/>
      <line num="803" type="stmt" count="2"/>
      <line num="804" type="stmt" count="2"/>
      <line num="805" type="stmt" count="2"/>
      <line num="806" type="stmt" count="2"/>
      <line num="807" type="stmt" count="2"/>
      <line num="808" type="stmt" count="2"/>
      <line num="811" type="stmt" count="2"/>
      <line num="812" type="stmt" count="2"/>
      <line num="813" type="stmt" count="1"/>
      <line num="814" type="stmt" count="1"/>
      <line num="815" type="stmt" count="1"/>
      <line num="816" type="stmt" count="1"/>
      <line num="819" type="stmt" count="2"/>
      <line num="820" type="stmt" count="2"/>
      <line num="821" type="stmt" count="1"/>
      <line num="822" type="stmt" count="1"/>
      <line num="823" type="stmt" count="1"/>
      <line num="824" type="stmt" count="1"/>
      <line num="827" type="stmt" count="2"/>
      <line num="828" type="stmt" count="2"/>
      <line num="829" type="stmt" count="2"/>
      <line num="830" type="stmt" count="2"/>
      <line num="839" type="method" name="render_layout" visibility="protected" complexity="1" crap="1" count="10"/>
      <line num="841" type="stmt" count="10"/>
      <line num="844" type="stmt" count="10"/>
      <line num="845" type="stmt" count="10"/>
      <line num="846" type="stmt" count="10"/>
      <line num="847" type="stmt" count="10"/>
      <line num="848" type="stmt" count="10"/>
      <line num="849" type="stmt" count="10"/>
      <line num="850" type="stmt" count="10"/>
      <line num="852" type="stmt" count="10"/>
      <line num="853" type="stmt" count="10"/>
      <line num="854" type="stmt" count="10"/>
      <line num="855" type="stmt" count="10"/>
      <line num="867" type="method" name="render_children" visibility="protected" complexity="3" crap="3" count="10"/>
      <line num="868" type="stmt" count="10"/>
      <line num="869" type="stmt" count="10"/>
      <line num="871" type="stmt" count="10"/>
      <line num="872" type="stmt" count="10"/>
      <line num="873" type="stmt" count="10"/>
      <line num="875" type="stmt" count="10"/>
      <line num="876" type="stmt" count="1"/>
      <line num="879" type="stmt" count="10"/>
      <line num="889" type="method" name="render_row" visibility="protected" complexity="1" crap="1" count="3"/>
      <line num="890" type="stmt" count="3"/>
      <line num="891" type="stmt" count="3"/>
      <line num="892" type="stmt" count="3"/>
      <line num="894" type="stmt" count="3"/>
      <line num="895" type="stmt" count="3"/>
      <line num="896" type="stmt" count="3"/>
      <line num="897" type="stmt" count="3"/>
      <line num="898" type="stmt" count="3"/>
      <line num="899" type="stmt" count="3"/>
      <line num="900" type="stmt" count="3"/>
      <line num="910" type="method" name="render_grid" visibility="protected" complexity="1" crap="1" count="2"/>
      <line num="911" type="stmt" count="2"/>
      <line num="912" type="stmt" count="2"/>
      <line num="914" type="stmt" count="2"/>
      <line num="915" type="stmt" count="2"/>
      <line num="916" type="stmt" count="2"/>
      <line num="917" type="stmt" count="2"/>
      <line num="918" type="stmt" count="2"/>
      <line num="919" type="stmt" count="2"/>
      <line num="920" type="stmt" count="2"/>
      <line num="930" type="method" name="render_stack" visibility="protected" complexity="1" crap="1" count="2"/>
      <line num="931" type="stmt" count="2"/>
      <line num="933" type="stmt" count="2"/>
      <line num="934" type="stmt" count="2"/>
      <line num="935" type="stmt" count="2"/>
      <line num="936" type="stmt" count="2"/>
      <line num="937" type="stmt" count="2"/>
      <line num="947" type="method" name="render_section" visibility="protected" complexity="8" crap="8" count="3"/>
      <line num="948" type="stmt" count="3"/>
      <line num="949" type="stmt" count="3"/>
      <line num="950" type="stmt" count="3"/>
      <line num="951" type="stmt" count="3"/>
      <line num="953" type="stmt" count="3"/>
      <line num="954" type="stmt" count="3"/>
      <line num="955" type="stmt" count="2"/>
      <line num="956" type="stmt" count="2"/>
      <line num="957" type="stmt" count="2"/>
      <line num="958" type="stmt" count="2"/>
      <line num="959" type="stmt" count="2"/>
      <line num="960" type="stmt" count="2"/>
      <line num="961" type="stmt" count="2"/>
      <line num="964" type="stmt" count="3"/>
      <line num="965" type="stmt" count="3"/>
      <line num="966" type="stmt" count="1"/>
      <line num="967" type="stmt" count="1"/>
      <line num="968" type="stmt" count="1"/>
      <line num="969" type="stmt" count="1"/>
      <line num="972" type="stmt" count="3"/>
      <line num="974" type="stmt" count="3"/>
      <line num="975" type="stmt" count="3"/>
      <line num="976" type="stmt" count="3"/>
      <line num="977" type="stmt" count="3"/>
      <line num="978" type="stmt" count="3"/>
      <line num="979" type="stmt" count="3"/>
      <line num="980" type="stmt" count="3"/>
      <line num="981" type="stmt" count="3"/>
      <line num="982" type="stmt" count="3"/>
      <line num="983" type="stmt" count="3"/>
      <line num="984" type="stmt" count="3"/>
      <line num="996" type="method" name="get_key_map" visibility="public" complexity="3" crap="3" count="1"/>
      <line num="997" type="stmt" count="1"/>
      <line num="998" type="stmt" count="1"/>
      <line num="999" type="stmt" count="1"/>
      <line num="1000" type="stmt" count="1"/>
      <line num="1001" type="stmt" count="1"/>
      <line num="1004" type="stmt" count="1"/>
      <metrics loc="1007" ncloc="724" classes="1" methods="34" coveredmethods="34" conditionals="0" coveredconditionals="0" statements="397" coveredstatements="397" elements="431" coveredelements="431"/>
    </file>
    <file name="/shared/httpd/php/htdocs/Perique-Settings-Page/src/Mapper/Repeater_Renderer.php">
      <class name="PinkCrab\Perique_Settings_Page\Mapper\Repeater_Renderer" namespace="global">
        <metrics complexity="29" methods="5" coveredmethods="5" conditionals="0" coveredconditionals="0" statements="80" coveredstatements="80" elements="85" coveredelements="85"/>
      </class>
      <line num="40" type="method" name="__construct" visibility="public" complexity="1" crap="1" count="10"/>
      <line num="41" type="stmt" count="10"/>
      <line num="42" type="stmt" count="10"/>
      <line num="50" type="method" name="render" visibility="public" complexity="7" crap="7" count="10"/>
      <line num="51" type="stmt" count="10"/>
      <line num="52" type="stmt" count="10"/>
      <line num="53" type="stmt" count="10"/>
      <line num="55" type="stmt" count="10"/>
      <line num="56" type="stmt" count="1"/>
      <line num="60" type="stmt" count="9"/>
      <line num="61" type="stmt" count="9"/>
      <line num="64" type="stmt" count="9"/>
      <line num="65" type="stmt" count="9"/>
      <line num="66" type="stmt" count="3"/>
      <line num="67" type="stmt" count="3"/>
      <line num="68" type="stmt" count="3"/>
      <line num="73" type="stmt" count="9"/>
      <line num="76" type="stmt" count="9"/>
      <line num="78" type="stmt" count="9"/>
      <line num="79" type="stmt" count="9"/>
      <line num="80" type="stmt" count="9"/>
      <line num="81" type="stmt" count="9"/>
      <line num="84" type="stmt" count="9"/>
      <line num="86" type="stmt" count="9"/>
      <line num="87" type="stmt" count="9"/>
      <line num="89" type="stmt" count="9"/>
      <line num="91" type="stmt" count="9"/>
      <line num="101" type="method" name="render_group" visibility="protected" complexity="5" crap="5" count="9"/>
      <line num="102" type="stmt" count="9"/>
      <line num="103" type="stmt" count="9"/>
      <line num="104" type="stmt" count="9"/>
      <line num="106" type="stmt" count="9"/>
      <line num="107" type="stmt" count="9"/>
      <line num="109" type="stmt" count="9"/>
      <line num="110" type="stmt" count="9"/>
      <line num="111" type="stmt" count="9"/>
      <line num="113" type="stmt" count="9"/>
      <line num="114" type="stmt" count="3"/>
      <line num="117" type="stmt" count="9"/>
      <line num="120" type="stmt" count="9"/>
      <line num="121" type="stmt" count="9"/>
      <line num="124" type="stmt" count="9"/>
      <line num="127" type="stmt" count="9"/>
      <line num="130" type="stmt" count="9"/>
      <line num="141" type="method" name="render_group_field" visibility="protected" complexity="1" crap="1" count="9"/>
      <line num="142" type="stmt" count="9"/>
      <line num="143" type="stmt" count="9"/>
      <line num="146" type="stmt" count="9"/>
      <line num="148" type="stmt" count="9"/>
      <line num="149" type="stmt" count="9"/>
      <line num="150" type="stmt" count="9"/>
      <line num="151" type="stmt" count="9"/>
      <line num="153" type="stmt" count="9"/>
      <line num="168" type="method" name="render_simple_input" visibility="protected" complexity="15" crap="15" count="9"/>
      <line num="169" type="stmt" count="9"/>
      <line num="170" type="stmt" count="9"/>
      <line num="171" type="stmt" count="9"/>
      <line num="172" type="stmt" count="9"/>
      <line num="176" type="stmt" count="9"/>
      <line num="177" type="stmt" count="9"/>
      <line num="179" type="stmt" count="9"/>
      <line num="182" type="stmt" count="9"/>
      <line num="183" type="stmt" count="3"/>
      <line num="185" type="stmt" count="6"/>
      <line num="186" type="stmt" count="1"/>
      <line num="187" type="stmt" count="1"/>
      <line num="188" type="stmt" count="1"/>
      <line num="189" type="stmt" count="1"/>
      <line num="191" type="stmt" count="5"/>
      <line num="192" type="stmt" count="2"/>
      <line num="193" type="stmt" count="2"/>
      <line num="194" type="stmt" count="2"/>
      <line num="195" type="stmt" count="2"/>
      <line num="196" type="stmt" count="2"/>
      <line num="197" type="stmt" count="2"/>
      <line num="198" type="stmt" count="2"/>
      <line num="199" type="stmt" count="2"/>
      <line num="200" type="stmt" count="2"/>
      <line num="201" type="stmt" count="2"/>
      <line num="204" type="stmt" count="2"/>
      <line num="206" type="stmt" count="3"/>
      <line num="207" type="stmt" count="2"/>
      <line num="208" type="stmt" count="2"/>
      <line num="209" type="stmt" count="2"/>
      <line num="212" type="stmt" count="1"/>
      <metrics loc="216" ncloc="155" classes="1" methods="5" coveredmethods="5" conditionals="0" coveredconditionals="0" statements="80" coveredstatements="80" elements="85" coveredelements="85"/>
    </file>
    <file name="/shared/httpd/php/htdocs/Perique-Settings-Page/src/Page/Settings_Page.php">
      <class name="PinkCrab\Perique_Settings_Page\Page\Settings_Page" namespace="global">
        <metrics complexity="40" methods="18" coveredmethods="18" conditionals="0" coveredconditionals="0" statements="127" coveredstatements="127" elements="145" coveredelements="145"/>
      </class>
      <line num="140" type="method" name="set_settings" visibility="public" complexity="1" crap="1" count="11"/>
      <line num="141" type="stmt" count="11"/>
      <line num="142" type="stmt" count="11"/>
      <line num="150" type="method" name="get_method" visibility="public" complexity="1" crap="1" count="1"/>
      <line num="151" type="stmt" count="1"/>
      <line num="159" type="method" name="get_settings" visibility="public" complexity="1" crap="1" count="2"/>
      <line num="160" type="stmt" count="2"/>
      <line num="168" type="method" name="get_nonce_handle" visibility="public" complexity="1" crap="1" count="10"/>
      <line num="169" type="stmt" count="10"/>
      <line num="177" type="method" name="get_nonce_field_name" visibility="public" complexity="1" crap="1" count="10"/>
      <line num="178" type="stmt" count="10"/>
      <line num="186" type="method" name="get_submit_label" visibility="public" complexity="1" crap="1" count="8"/>
      <line num="187" type="stmt" count="8"/>
      <line num="195" type="method" name="get_form_action" visibility="public" complexity="1" crap="1" count="9"/>
      <line num="196" type="stmt" count="9"/>
      <line num="206" type="method" name="set_pre_template" visibility="public" complexity="1" crap="1" count="3"/>
      <line num="207" type="stmt" count="3"/>
      <line num="208" type="stmt" count="3"/>
      <line num="209" type="stmt" count="3"/>
      <line num="219" type="method" name="set_post_template" visibility="public" complexity="1" crap="1" count="3"/>
      <line num="220" type="stmt" count="3"/>
      <line num="221" type="stmt" count="3"/>
      <line num="222" type="stmt" count="3"/>
      <line num="230" type="method" name="get_pre_template" visibility="public" complexity="1" crap="1" count="2"/>
      <line num="231" type="stmt" count="2"/>
      <line num="239" type="method" name="get_pre_data" visibility="public" complexity="1" crap="1" count="2"/>
      <line num="240" type="stmt" count="2"/>
      <line num="248" type="method" name="get_post_template" visibility="public" complexity="1" crap="1" count="2"/>
      <line num="249" type="stmt" count="2"/>
      <line num="257" type="method" name="get_post_data" visibility="public" complexity="1" crap="1" count="2"/>
      <line num="258" type="stmt" count="2"/>
      <line num="280" type="method" name="render_view" visibility="public" complexity="12" crap="12" count="9"/>
      <line num="281" type="stmt" count="9"/>
      <line num="283" type="stmt" count="8"/>
      <line num="285" type="stmt" count="8"/>
      <line num="286" type="stmt" count="8"/>
      <line num="287" type="stmt" count="3"/>
      <line num="291" type="stmt" count="8"/>
      <line num="292" type="stmt" count="1"/>
      <line num="295" type="stmt" count="8"/>
      <line num="296" type="stmt" count="8"/>
      <line num="297" type="stmt" count="8"/>
      <line num="299" type="stmt" count="8"/>
      <line num="300" type="stmt" count="8"/>
      <line num="302" type="stmt" count="8"/>
      <line num="303" type="stmt" count="1"/>
      <line num="304" type="stmt" count="1"/>
      <line num="305" type="stmt" count="1"/>
      <line num="308" type="stmt" count="7"/>
      <line num="309" type="stmt" count="7"/>
      <line num="310" type="stmt" count="7"/>
      <line num="314" type="stmt" count="7"/>
      <line num="315" type="stmt" count="7"/>
      <line num="317" type="stmt" count="7"/>
      <line num="319" type="stmt" count="7"/>
      <line num="320" type="stmt" count="7"/>
      <line num="323" type="stmt" count="7"/>
      <line num="324" type="stmt" count="1"/>
      <line num="327" type="stmt" count="7"/>
      <line num="328" type="stmt" count="7"/>
      <line num="330" type="stmt" count="7"/>
      <line num="331" type="stmt" count="3"/>
      <line num="335" type="stmt" count="7"/>
      <line num="336" type="stmt" count="1"/>
      <line num="339" type="stmt" count="7"/>
      <line num="340" type="stmt" count="9"/>
      <line num="349" type="method" name="load" visibility="public" complexity="6" crap="6" count="5"/>
      <line num="350" type="stmt" count="5"/>
      <line num="351" type="stmt" count="1"/>
      <line num="355" type="stmt" count="4"/>
      <line num="356" type="stmt" count="1"/>
      <line num="359" type="stmt" count="3"/>
      <line num="360" type="stmt" count="3"/>
      <line num="361" type="stmt" count="3"/>
      <line num="362" type="stmt" count="3"/>
      <line num="363" type="stmt" count="3"/>
      <line num="364" type="stmt" count="3"/>
      <line num="365" type="stmt" count="3"/>
      <line num="367" type="stmt" count="3"/>
      <line num="370" type="stmt" count="3"/>
      <line num="371" type="stmt" count="1"/>
      <line num="375" type="stmt" count="2"/>
      <line num="377" type="stmt" count="2"/>
      <line num="389" type="method" name="enqueue" visibility="public" complexity="1" crap="1" count="4"/>
      <line num="391" type="stmt" count="4"/>
      <line num="392" type="stmt" count="4"/>
      <line num="393" type="stmt" count="4"/>
      <line num="394" type="stmt" count="4"/>
      <line num="395" type="stmt" count="4"/>
      <line num="396" type="stmt" count="4"/>
      <line num="399" type="stmt" count="4"/>
      <line num="401" type="stmt" count="4"/>
      <line num="402" type="stmt" count="4"/>
      <line num="403" type="stmt" count="4"/>
      <line num="404" type="stmt" count="4"/>
      <line num="405" type="stmt" count="4"/>
      <line num="406" type="stmt" count="4"/>
      <line num="407" type="stmt" count="4"/>
      <line num="409" type="stmt" count="4"/>
      <line num="410" type="stmt" count="4"/>
      <line num="411" type="stmt" count="4"/>
      <line num="412" type="stmt" count="4"/>
      <line num="413" type="stmt" count="4"/>
      <line num="414" type="stmt" count="4"/>
      <line num="415" type="stmt" count="4"/>
      <line num="416" type="stmt" count="4"/>
      <line num="419" type="stmt" count="4"/>
      <line num="420" type="stmt" count="4"/>
      <line num="423" type="stmt" count="4"/>
      <line num="424" type="stmt" count="4"/>
      <line num="446" type="method" name="get_theme_stylesheet" visibility="public" complexity="1" crap="1" count="1"/>
      <line num="447" type="stmt" count="1"/>
      <line num="461" type="method" name="enqueue_theme" visibility="private" complexity="4" crap="4" count="4"/>
      <line num="462" type="stmt" count="4"/>
      <line num="463" type="stmt" count="1"/>
      <line num="467" type="stmt" count="3"/>
      <line num="468" type="stmt" count="1"/>
      <line num="469" type="stmt" count="1"/>
      <line num="470" type="stmt" count="1"/>
      <line num="471" type="stmt" count="1"/>
      <line num="472" type="stmt" count="1"/>
      <line num="473" type="stmt" count="1"/>
      <line num="474" type="stmt" count="1"/>
      <line num="478" type="stmt" count="2"/>
      <line num="480" type="stmt" count="1"/>
      <line num="481" type="stmt" count="1"/>
      <line num="482" type="stmt" count="1"/>
      <line num="483" type="stmt" count="1"/>
      <line num="484" type="stmt" count="1"/>
      <line num="485" type="stmt" count="1"/>
      <line num="486" type="stmt" count="1"/>
      <line num="487" type="stmt" count="1"/>
      <line num="488" type="stmt" count="1"/>
      <line num="489" type="stmt" count="1"/>
      <line num="490" type="stmt" count="1"/>
      <line num="491" type="stmt" count="1"/>
      <line num="492" type="stmt" count="1"/>
      <line num="493" type="stmt" count="1"/>
      <line num="497" type="stmt" count="1"/>
      <line num="498" type="stmt" count="1"/>
      <line num="499" type="stmt" count="1"/>
      <line num="500" type="stmt" count="1"/>
      <line num="501" type="stmt" count="1"/>
      <line num="502" type="stmt" count="1"/>
      <line num="503" type="stmt" count="1"/>
      <metrics loc="506" ncloc="279" classes="1" methods="18" coveredmethods="18" conditionals="0" coveredconditionals="0" statements="127" coveredstatements="127" elements="145" coveredelements="145"/>
    </file>
    <file name="/shared/httpd/php/htdocs/Perique-Settings-Page/src/Registration/Settings_Page_Middleware.php">
      <class name="PinkCrab\Perique_Settings_Page\Registration\Settings_Page_Middleware" namespace="global">
        <metrics complexity="6" methods="2" coveredmethods="2" conditionals="0" coveredconditionals="0" statements="20" coveredstatements="20" elements="22" coveredelements="22"/>
      </class>
      <line num="44" type="method" name="__construct" visibility="public" complexity="1" crap="1" count="5"/>
      <line num="45" type="stmt" count="5"/>
      <line num="57" type="method" name="process" visibility="public" complexity="3" crap="3" count="4"/>
      <line num="59" type="stmt" count="4"/>
      <line num="60" type="stmt" count="1"/>
      <line num="64" type="stmt" count="3"/>
      <line num="67" type="stmt" count="3"/>
      <line num="69" type="stmt" count="3"/>
      <line num="71" type="stmt" count="3"/>
      <line num="77" type="stmt" count="2"/>
      <line num="78" type="stmt" count="2"/>
      <line num="79" type="stmt" count="2"/>
      <line num="80" type="stmt" count="2"/>
      <line num="81" type="stmt" count="2"/>
      <line num="82" type="stmt" count="2"/>
      <line num="83" type="stmt" count="2"/>
      <line num="84" type="stmt" count="2"/>
      <line num="85" type="stmt" count="2"/>
      <line num="86" type="stmt" count="2"/>
      <line num="87" type="stmt" count="2"/>
      <line num="88" type="stmt" count="2"/>
      <line num="91" type="stmt" count="3"/>
      <metrics loc="100" ncloc="55" classes="1" methods="2" coveredmethods="2" conditionals="0" coveredconditionals="0" statements="20" coveredstatements="20" elements="22" coveredelements="22"/>
    </file>
    <file name="/shared/httpd/php/htdocs/Perique-Settings-Page/src/Registration/Settings_Page_Module.php">
      <class name="PinkCrab\Perique_Settings_Page\Registration\Settings_Page_Module" namespace="global">
        <metrics complexity="4" methods="2" coveredmethods="2" conditionals="0" coveredconditionals="0" statements="2" coveredstatements="2" elements="4" coveredelements="4"/>
      </class>
      <line num="36" type="method" name="get_middleware" visibility="public" complexity="1" crap="1" count="1"/>
      <line num="37" type="stmt" count="1"/>
      <line num="44" type="method" name="pre_register" visibility="public" complexity="1" crap="1" count="1"/>
      <line num="45" type="stmt" count="1"/>
      <metrics loc="51" ncloc="25" classes="1" methods="2" coveredmethods="2" conditionals="0" coveredconditionals="0" statements="2" coveredstatements="2" elements="4" coveredelements="4"/>
    </file>
    <file name="/shared/httpd/php/htdocs/Perique-Settings-Page/src/Rest/Picker_Rest_Controller.php">
      <class name="PinkCrab\Perique_Settings_Page\Rest\Picker_Rest_Controller" namespace="global">
        <metrics complexity="12" methods="5" coveredmethods="5" conditionals="0" coveredconditionals="0" statements="203" coveredstatements="203" elements="208" coveredelements="208"/>
      </class>
      <line num="34" type="method" name="register" visibility="public" complexity="5" crap="5" count="12"/>
      <line num="36" type="stmt" count="12"/>
      <line num="37" type="stmt" count="12"/>
      <line num="38" type="stmt" count="12"/>
      <line num="39" type="stmt" count="12"/>
      <line num="40" type="stmt" count="12"/>
      <line num="41" type="stmt" count="12"/>
      <line num="42" type="stmt" count="12"/>
      <line num="43" type="stmt" count="4"/>
      <line num="44" type="stmt" count="12"/>
      <line num="45" type="stmt" count="12"/>
      <line num="46" type="stmt" count="12"/>
      <line num="47" type="stmt" count="12"/>
      <line num="48" type="stmt" count="12"/>
      <line num="49" type="stmt" count="12"/>
      <line num="50" type="stmt" count="12"/>
      <line num="51" type="stmt" count="5"/>
      <line num="52" type="stmt" count="12"/>
      <line num="53" type="stmt" count="12"/>
      <line num="54" type="stmt" count="12"/>
      <line num="55" type="stmt" count="12"/>
      <line num="56" type="stmt" count="12"/>
      <line num="57" type="stmt" count="12"/>
      <line num="58" type="stmt" count="12"/>
      <line num="59" type="stmt" count="12"/>
      <line num="60" type="stmt" count="12"/>
      <line num="61" type="stmt" count="12"/>
      <line num="62" type="stmt" count="12"/>
      <line num="63" type="stmt" count="12"/>
      <line num="64" type="stmt" count="12"/>
      <line num="65" type="stmt" count="12"/>
      <line num="66" type="stmt" count="5"/>
      <line num="67" type="stmt" count="5"/>
      <line num="68" type="stmt" count="12"/>
      <line num="69" type="stmt" count="12"/>
      <line num="70" type="stmt" count="12"/>
      <line num="71" type="stmt" count="12"/>
      <line num="72" type="stmt" count="12"/>
      <line num="75" type="stmt" count="12"/>
      <line num="76" type="stmt" count="12"/>
      <line num="77" type="stmt" count="12"/>
      <line num="78" type="stmt" count="12"/>
      <line num="79" type="stmt" count="12"/>
      <line num="80" type="stmt" count="12"/>
      <line num="81" type="stmt" count="12"/>
      <line num="82" type="stmt" count="2"/>
      <line num="83" type="stmt" count="12"/>
      <line num="84" type="stmt" count="12"/>
      <line num="85" type="stmt" count="12"/>
      <line num="86" type="stmt" count="12"/>
      <line num="87" type="stmt" count="12"/>
      <line num="88" type="stmt" count="12"/>
      <line num="89" type="stmt" count="12"/>
      <line num="90" type="stmt" count="2"/>
      <line num="91" type="stmt" count="12"/>
      <line num="92" type="stmt" count="12"/>
      <line num="93" type="stmt" count="12"/>
      <line num="94" type="stmt" count="12"/>
      <line num="95" type="stmt" count="12"/>
      <line num="98" type="stmt" count="12"/>
      <line num="99" type="stmt" count="12"/>
      <line num="100" type="stmt" count="12"/>
      <line num="101" type="stmt" count="12"/>
      <line num="102" type="stmt" count="12"/>
      <line num="103" type="stmt" count="12"/>
      <line num="104" type="stmt" count="12"/>
      <line num="105" type="stmt" count="3"/>
      <line num="106" type="stmt" count="12"/>
      <line num="107" type="stmt" count="12"/>
      <line num="108" type="stmt" count="12"/>
      <line num="109" type="stmt" count="12"/>
      <line num="110" type="stmt" count="12"/>
      <line num="111" type="stmt" count="12"/>
      <line num="112" type="stmt" count="12"/>
      <line num="113" type="stmt" count="3"/>
      <line num="114" type="stmt" count="12"/>
      <line num="115" type="stmt" count="12"/>
      <line num="116" type="stmt" count="12"/>
      <line num="117" type="stmt" count="12"/>
      <line num="118" type="stmt" count="12"/>
      <line num="119" type="stmt" count="12"/>
      <line num="120" type="stmt" count="12"/>
      <line num="121" type="stmt" count="12"/>
      <line num="122" type="stmt" count="12"/>
      <line num="123" type="stmt" count="12"/>
      <line num="124" type="stmt" count="12"/>
      <line num="125" type="stmt" count="12"/>
      <line num="126" type="stmt" count="12"/>
      <line num="127" type="stmt" count="12"/>
      <line num="128" type="stmt" count="3"/>
      <line num="129" type="stmt" count="3"/>
      <line num="130" type="stmt" count="12"/>
      <line num="131" type="stmt" count="12"/>
      <line num="132" type="stmt" count="12"/>
      <line num="133" type="stmt" count="12"/>
      <line num="134" type="stmt" count="12"/>
      <line num="137" type="stmt" count="12"/>
      <line num="138" type="stmt" count="12"/>
      <line num="139" type="stmt" count="12"/>
      <line num="140" type="stmt" count="12"/>
      <line num="141" type="stmt" count="12"/>
      <line num="142" type="stmt" count="12"/>
      <line num="143" type="stmt" count="12"/>
      <line num="144" type="stmt" count="2"/>
      <line num="145" type="stmt" count="12"/>
      <line num="146" type="stmt" count="12"/>
      <line num="147" type="stmt" count="12"/>
      <line num="148" type="stmt" count="12"/>
      <line num="149" type="stmt" count="12"/>
      <line num="150" type="stmt" count="12"/>
      <line num="151" type="stmt" count="12"/>
      <line num="152" type="stmt" count="2"/>
      <line num="153" type="stmt" count="12"/>
      <line num="154" type="stmt" count="12"/>
      <line num="155" type="stmt" count="12"/>
      <line num="156" type="stmt" count="12"/>
      <line num="157" type="stmt" count="12"/>
      <line num="166" type="method" name="search_posts" visibility="public" complexity="1" crap="1" count="2"/>
      <line num="167" type="stmt" count="2"/>
      <line num="168" type="stmt" count="2"/>
      <line num="169" type="stmt" count="2"/>
      <line num="171" type="stmt" count="2"/>
      <line num="172" type="stmt" count="2"/>
      <line num="173" type="stmt" count="2"/>
      <line num="174" type="stmt" count="2"/>
      <line num="175" type="stmt" count="2"/>
      <line num="176" type="stmt" count="2"/>
      <line num="177" type="stmt" count="2"/>
      <line num="178" type="stmt" count="2"/>
      <line num="179" type="stmt" count="2"/>
      <line num="180" type="stmt" count="2"/>
      <line num="182" type="stmt" count="2"/>
      <line num="183" type="stmt" count="2"/>
      <line num="184" type="stmt" count="2"/>
      <line num="185" type="stmt" count="2"/>
      <line num="186" type="stmt" count="2"/>
      <line num="187" type="stmt" count="2"/>
      <line num="188" type="stmt" count="2"/>
      <line num="189" type="stmt" count="2"/>
      <line num="190" type="stmt" count="2"/>
      <line num="192" type="stmt" count="2"/>
      <line num="201" type="method" name="resolve_posts" visibility="public" complexity="2" crap="2" count="2"/>
      <line num="203" type="stmt" count="2"/>
      <line num="205" type="stmt" count="2"/>
      <line num="206" type="stmt" count="1"/>
      <line num="209" type="stmt" count="1"/>
      <line num="210" type="stmt" count="1"/>
      <line num="211" type="stmt" count="1"/>
      <line num="212" type="stmt" count="1"/>
      <line num="213" type="stmt" count="1"/>
      <line num="214" type="stmt" count="1"/>
      <line num="215" type="stmt" count="1"/>
      <line num="216" type="stmt" count="1"/>
      <line num="217" type="stmt" count="1"/>
      <line num="219" type="stmt" count="1"/>
      <line num="220" type="stmt" count="1"/>
      <line num="221" type="stmt" count="1"/>
      <line num="222" type="stmt" count="1"/>
      <line num="223" type="stmt" count="1"/>
      <line num="224" type="stmt" count="1"/>
      <line num="225" type="stmt" count="1"/>
      <line num="226" type="stmt" count="1"/>
      <line num="227" type="stmt" count="1"/>
      <line num="229" type="stmt" count="1"/>
      <line num="238" type="method" name="search_users" visibility="public" complexity="2" crap="2" count="2"/>
      <line num="239" type="stmt" count="2"/>
      <line num="240" type="stmt" count="2"/>
      <line num="241" type="stmt" count="2"/>
      <line num="243" type="stmt" count="2"/>
      <line num="244" type="stmt" count="2"/>
      <line num="245" type="stmt" count="2"/>
      <line num="246" type="stmt" count="2"/>
      <line num="247" type="stmt" count="2"/>
      <line num="248" type="stmt" count="2"/>
      <line num="250" type="stmt" count="2"/>
      <line num="251" type="stmt" count="1"/>
      <line num="254" type="stmt" count="2"/>
      <line num="256" type="stmt" count="2"/>
      <line num="257" type="stmt" count="2"/>
      <line num="258" type="stmt" count="2"/>
      <line num="259" type="stmt" count="2"/>
      <line num="260" type="stmt" count="2"/>
      <line num="261" type="stmt" count="2"/>
      <line num="262" type="stmt" count="2"/>
      <line num="263" type="stmt" count="2"/>
      <line num="264" type="stmt" count="2"/>
      <line num="266" type="stmt" count="2"/>
      <line num="275" type="method" name="resolve_users" visibility="public" complexity="2" crap="2" count="2"/>
      <line num="277" type="stmt" count="2"/>
      <line num="279" type="stmt" count="2"/>
      <line num="280" type="stmt" count="1"/>
      <line num="283" type="stmt" count="1"/>
      <line num="284" type="stmt" count="1"/>
      <line num="285" type="stmt" count="1"/>
      <line num="286" type="stmt" count="1"/>
      <line num="287" type="stmt" count="1"/>
      <line num="288" type="stmt" count="1"/>
      <line num="289" type="stmt" count="1"/>
      <line num="291" type="stmt" count="1"/>
      <line num="292" type="stmt" count="1"/>
      <line num="293" type="stmt" count="1"/>
      <line num="294" type="stmt" count="1"/>
      <line num="295" type="stmt" count="1"/>
      <line num="296" type="stmt" count="1"/>
      <line num="297" type="stmt" count="1"/>
      <line num="298" type="stmt" count="1"/>
      <line num="299" type="stmt" count="1"/>
      <line num="301" type="stmt" count="1"/>
      <metrics loc="304" ncloc="256" classes="1" methods="5" coveredmethods="5" conditionals="0" coveredconditionals="0" statements="203" coveredstatements="203" elements="208" coveredelements="208"/>
    </file>
    <file name="/shared/httpd/php/htdocs/Perique-Settings-Page/src/Setting/Abstract_Settings.php">
      <class name="PinkCrab\Perique_Settings_Page\Setting\Abstract_Settings" namespace="global">
        <metrics complexity="42" methods="18" coveredmethods="18" conditionals="0" coveredconditionals="0" statements="69" coveredstatements="69" elements="87" coveredelements="87"/>
      </class>
      <line num="50" type="method" name="__construct" visibility="public" complexity="1" crap="1" count="46"/>
      <line num="51" type="stmt" count="46"/>
      <line num="52" type="stmt" count="46"/>
      <line num="83" type="method" name="prefix_key" visibility="public" complexity="1" crap="1" count="25"/>
      <line num="84" type="stmt" count="25"/>
      <line num="93" type="method" name="has" visibility="public" complexity="1" crap="1" count="18"/>
      <line num="94" type="stmt" count="18"/>
      <line num="103" type="method" name="find" visibility="public" complexity="1" crap="1" count="21"/>
      <line num="104" type="stmt" count="21"/>
      <line num="105" type="stmt" count="21"/>
      <line num="115" type="method" name="get" visibility="public" complexity="2" crap="2" count="4"/>
      <line num="116" type="stmt" count="4"/>
      <line num="117" type="stmt" count="4"/>
      <line num="127" type="method" name="set" visibility="public" complexity="4" crap="4" count="16"/>
      <line num="128" type="stmt" count="16"/>
      <line num="129" type="stmt" count="1"/>
      <line num="132" type="stmt" count="15"/>
      <line num="133" type="stmt" count="2"/>
      <line num="136" type="stmt" count="13"/>
      <line num="146" type="method" name="set_grouped" visibility="protected" complexity="2" crap="2" count="2"/>
      <line num="147" type="stmt" count="2"/>
      <line num="148" type="stmt" count="2"/>
      <line num="149" type="stmt" count="2"/>
      <line num="151" type="stmt" count="2"/>
      <line num="161" type="method" name="set_single" visibility="protected" complexity="3" crap="3" count="13"/>
      <line num="162" type="stmt" count="13"/>
      <line num="163" type="stmt" count="13"/>
      <line num="164" type="stmt" count="12"/>
      <line num="165" type="stmt" count="12"/>
      <line num="166" type="stmt" count="12"/>
      <line num="169" type="stmt" count="13"/>
      <line num="178" type="method" name="delete" visibility="public" complexity="4" crap="4" count="3"/>
      <line num="179" type="stmt" count="3"/>
      <line num="180" type="stmt" count="1"/>
      <line num="183" type="stmt" count="2"/>
      <line num="184" type="stmt" count="1"/>
      <line num="186" type="stmt" count="1"/>
      <line num="189" type="stmt" count="2"/>
      <line num="198" type="method" name="delete_single" visibility="protected" complexity="3" crap="3" count="1"/>
      <line num="199" type="stmt" count="1"/>
      <line num="200" type="stmt" count="1"/>
      <line num="201" type="stmt" count="1"/>
      <line num="202" type="stmt" count="1"/>
      <line num="203" type="stmt" count="1"/>
      <line num="214" type="method" name="delete_grouped" visibility="protected" complexity="2" crap="2" count="1"/>
      <line num="215" type="stmt" count="1"/>
      <line num="216" type="stmt" count="1"/>
      <line num="217" type="stmt" count="1"/>
      <line num="219" type="stmt" count="1"/>
      <line num="230" type="method" name="refresh_settings" visibility="public" complexity="6" crap="6" count="13"/>
      <line num="231" type="stmt" count="13"/>
      <line num="233" type="stmt" count="13"/>
      <line num="234" type="stmt" count="1"/>
      <line num="235" type="stmt" count="1"/>
      <line num="236" type="stmt" count="1"/>
      <line num="239" type="stmt" count="12"/>
      <line num="240" type="stmt" count="12"/>
      <line num="250" type="method" name="get_grouped_values" visibility="protected" complexity="2" crap="2" count="1"/>
      <line num="251" type="stmt" count="1"/>
      <line num="252" type="stmt" count="1"/>
      <line num="260" type="method" name="export" visibility="public" complexity="1" crap="1" count="8"/>
      <line num="262" type="stmt" count="8"/>
      <line num="263" type="stmt" count="8"/>
      <line num="271" type="method" name="get_keys" visibility="public" complexity="1" crap="1" count="1"/>
      <line num="272" type="stmt" count="1"/>
      <line num="280" type="method" name="get_all_fields" visibility="public" complexity="1" crap="1" count="39"/>
      <line num="282" type="stmt" count="39"/>
      <line num="283" type="stmt" count="39"/>
      <line num="292" type="method" name="extract_fields" visibility="protected" complexity="6" crap="6" count="39"/>
      <line num="293" type="stmt" count="39"/>
      <line num="294" type="stmt" count="39"/>
      <line num="295" type="stmt" count="38"/>
      <line num="296" type="stmt" count="2"/>
      <line num="297" type="stmt" count="36"/>
      <line num="298" type="stmt" count="36"/>
      <line num="299" type="stmt" count="1"/>
      <line num="300" type="stmt" count="1"/>
      <line num="301" type="stmt" count="1"/>
      <line num="305" type="stmt" count="39"/>
      <line num="313" type="method" name="store_grouped" visibility="protected" complexity="1" crap="1" count="2"/>
      <line num="314" type="stmt" count="2"/>
      <line num="315" type="stmt" count="2"/>
      <line num="316" type="stmt" count="2"/>
      <line num="317" type="stmt" count="2"/>
      <line num="318" type="stmt" count="2"/>
      <line num="319" type="stmt" count="2"/>
      <line num="320" type="stmt" count="2"/>
      <metrics loc="323" ncloc="173" classes="1" methods="18" coveredmethods="18" conditionals="0" coveredconditionals="0" statements="69" coveredstatements="69" elements="87" coveredelements="87"/>
    </file>
    <file name="/shared/httpd/php/htdocs/Perique-Settings-Page/src/Setting/Field/Attribute/Autocomplete.php">
      <class name="PinkCrab\Perique_Settings_Page\Setting\Field\Attribute\Autocomplete" namespace="global">
        <metrics complexity="4" methods="3" coveredmethods="3" conditionals="0" coveredconditionals="0" statements="6" coveredstatements="6" elements="9" coveredelements="9"/>
      </class>
      <line num="37" type="method" name="set_autocomplete" visibility="public" complexity="1" crap="1" count="4"/>
      <line num="38" type="stmt" count="4"/>
      <line num="39" type="stmt" count="4"/>
      <line num="47" type="method" name="has_autocomplete" visibility="public" complexity="1" crap="1" count="6"/>
      <line num="48" type="stmt" count="6"/>
      <line num="56" type="method" name="get_autocomplete" visibility="public" complexity="2" crap="2" count="4"/>
      <line num="57" type="stmt" count="4"/>
      <line num="58" type="stmt" count="2"/>
      <line num="59" type="stmt" count="4"/>
      <metrics loc="62" ncloc="27" classes="1" methods="3" coveredmethods="3" conditionals="0" coveredconditionals="0" statements="6" coveredstatements="6" elements="9" coveredelements="9"/>
    </file>
    <file name="/shared/httpd/php/htdocs/Perique-Settings-Page/src/Setting/Field/Attribute/Checked_Value.php">
      <class name="PinkCrab\Perique_Settings_Page\Setting\Field\Attribute\Checked_Value" namespace="global">
        <metrics complexity="2" methods="2" coveredmethods="2" conditionals="0" coveredconditionals="0" statements="3" coveredstatements="3" elements="5" coveredelements="5"/>
      </class>
      <line num="41" type="method" name="get_checked_value" visibility="public" complexity="1" crap="1" count="8"/>
      <line num="42" type="stmt" count="8"/>
      <line num="51" type="method" name="set_checked_value" visibility="public" complexity="1" crap="1" count="4"/>
      <line num="52" type="stmt" count="4"/>
      <line num="53" type="stmt" count="4"/>
      <metrics loc="56" ncloc="21" classes="1" methods="2" coveredmethods="2" conditionals="0" coveredconditionals="0" statements="3" coveredstatements="3" elements="5" coveredelements="5"/>
    </file>
    <file name="/shared/httpd/php/htdocs/Perique-Settings-Page/src/Setting/Field/Attribute/Data.php">
      <class name="PinkCrab\Perique_Settings_Page\Setting\Field\Attribute\Data" namespace="global">
        <metrics complexity="4" methods="3" coveredmethods="3" conditionals="0" coveredconditionals="0" statements="6" coveredstatements="6" elements="9" coveredelements="9"/>
      </class>
      <line num="37" type="method" name="set_data" visibility="public" complexity="1" crap="1" count="5"/>
      <line num="38" type="stmt" count="5"/>
      <line num="39" type="stmt" count="5"/>
      <line num="47" type="method" name="has_data" visibility="public" complexity="1" crap="1" count="5"/>
      <line num="48" type="stmt" count="5"/>
      <line num="56" type="method" name="get_data" visibility="public" complexity="2" crap="2" count="3"/>
      <line num="57" type="stmt" count="3"/>
      <line num="58" type="stmt" count="2"/>
      <line num="59" type="stmt" count="3"/>
      <metrics loc="62" ncloc="27" classes="1" methods="3" coveredmethods="3" conditionals="0" coveredconditionals="0" statements="6" coveredstatements="6" elements="9" coveredelements="9"/>
    </file>
    <file name="/shared/httpd/php/htdocs/Perique-Settings-Page/src/Setting/Field/Attribute/Disabled.php">
      <class name="PinkCrab\Perique_Settings_Page\Setting\Field\Attribute\Disabled" namespace="global">
        <metrics complexity="4" methods="2" coveredmethods="2" conditionals="0" coveredconditionals="0" statements="7" coveredstatements="7" elements="9" coveredelements="9"/>
      </class>
      <line num="37" type="method" name="set_disabled" visibility="public" complexity="3" crap="3" count="5"/>
      <line num="40" type="stmt" count="5"/>
      <line num="41" type="stmt" count="1"/>
      <line num="42" type="stmt" count="1"/>
      <line num="43" type="stmt" count="1"/>
      <line num="46" type="stmt" count="5"/>
      <line num="47" type="stmt" count="5"/>
      <line num="55" type="method" name="is_disabled" visibility="public" complexity="1" crap="1" count="18"/>
      <line num="56" type="stmt" count="18"/>
      <metrics loc="59" ncloc="28" classes="1" methods="2" coveredmethods="2" conditionals="0" coveredconditionals="0" statements="7" coveredstatements="7" elements="9" coveredelements="9"/>
    </file>
    <file name="/shared/httpd/php/htdocs/Perique-Settings-Page/src/Setting/Field/Attribute/Multiple.php">
      <class name="PinkCrab\Perique_Settings_Page\Setting\Field\Attribute\Multiple" namespace="global">
        <metrics complexity="4" methods="2" coveredmethods="2" conditionals="0" coveredconditionals="0" statements="7" coveredstatements="7" elements="9" coveredelements="9"/>
      </class>
      <line num="35" type="method" name="set_multiple" visibility="public" complexity="3" crap="3" count="7"/>
      <line num="38" type="stmt" count="7"/>
      <line num="39" type="stmt" count="1"/>
      <line num="40" type="stmt" count="1"/>
      <line num="41" type="stmt" count="1"/>
      <line num="44" type="stmt" count="7"/>
      <line num="45" type="stmt" count="7"/>
      <line num="53" type="method" name="is_multiple" visibility="public" complexity="1" crap="1" count="13"/>
      <line num="54" type="stmt" count="13"/>
      <metrics loc="57" ncloc="26" classes="1" methods="2" coveredmethods="2" conditionals="0" coveredconditionals="0" statements="7" coveredstatements="7" elements="9" coveredelements="9"/>
    </file>
    <file name="/shared/httpd/php/htdocs/Perique-Settings-Page/src/Setting/Field/Attribute/Options.php">
      <class name="PinkCrab\Perique_Settings_Page\Setting\Field\Attribute\Options" namespace="global">
        <metrics complexity="7" methods="3" coveredmethods="3" conditionals="0" coveredconditionals="0" statements="9" coveredstatements="9" elements="12" coveredelements="12"/>
      </class>
      <line num="44" type="method" name="set_option" visibility="public" complexity="2" crap="2" count="13"/>
      <line num="45" type="stmt" count="13"/>
      <line num="46" type="stmt" count="13"/>
      <line num="49" type="stmt" count="13"/>
      <line num="50" type="stmt" count="13"/>
      <line num="58" type="method" name="has_option" visibility="public" complexity="2" crap="2" count="6"/>
      <line num="59" type="stmt" count="6"/>
      <line num="60" type="stmt" count="6"/>
      <line num="68" type="method" name="get_options" visibility="public" complexity="3" crap="3" count="11"/>
      <line num="70" type="stmt" count="11"/>
      <line num="71" type="stmt" count="7"/>
      <line num="74" type="stmt" count="4"/>
      <metrics loc="78" ncloc="35" classes="1" methods="3" coveredmethods="3" conditionals="0" coveredconditionals="0" statements="9" coveredstatements="9" elements="12" coveredelements="12"/>
    </file>
    <file name="/shared/httpd/php/htdocs/Perique-Settings-Page/src/Setting/Field/Attribute/Pattern.php">
      <class name="PinkCrab\Perique_Settings_Page\Setting\Field\Attribute\Pattern" namespace="global">
        <metrics complexity="4" methods="3" coveredmethods="3" conditionals="0" coveredconditionals="0" statements="6" coveredstatements="6" elements="9" coveredelements="9"/>
      </class>
      <line num="39" type="method" name="set_pattern" visibility="public" complexity="1" crap="1" count="7"/>
      <line num="40" type="stmt" count="7"/>
      <line num="41" type="stmt" count="7"/>
      <line num="49" type="method" name="has_pattern" visibility="public" complexity="1" crap="1" count="34"/>
      <line num="50" type="stmt" count="34"/>
      <line num="58" type="method" name="get_pattern" visibility="public" complexity="2" crap="2" count="32"/>
      <line num="59" type="stmt" count="32"/>
      <line num="60" type="stmt" count="5"/>
      <line num="61" type="stmt" count="32"/>
      <metrics loc="64" ncloc="27" classes="1" methods="3" coveredmethods="3" conditionals="0" coveredconditionals="0" statements="6" coveredstatements="6" elements="9" coveredelements="9"/>
    </file>
    <file name="/shared/httpd/php/htdocs/Perique-Settings-Page/src/Setting/Field/Attribute/Placeholder.php">
      <class name="PinkCrab\Perique_Settings_Page\Setting\Field\Attribute\Placeholder" namespace="global">
        <metrics complexity="4" methods="3" coveredmethods="3" conditionals="0" coveredconditionals="0" statements="6" coveredstatements="6" elements="9" coveredelements="9"/>
      </class>
      <line num="37" type="method" name="set_placeholder" visibility="public" complexity="1" crap="1" count="11"/>
      <line num="38" type="stmt" count="11"/>
      <line num="39" type="stmt" count="11"/>
      <line num="47" type="method" name="has_placeholder" visibility="public" complexity="1" crap="1" count="48"/>
      <line num="48" type="stmt" count="48"/>
      <line num="56" type="method" name="get_placeholder" visibility="public" complexity="2" crap="2" count="46"/>
      <line num="57" type="stmt" count="46"/>
      <line num="58" type="stmt" count="9"/>
      <line num="59" type="stmt" count="46"/>
      <metrics loc="62" ncloc="27" classes="1" methods="3" coveredmethods="3" conditionals="0" coveredconditionals="0" statements="6" coveredstatements="6" elements="9" coveredelements="9"/>
    </file>
    <file name="/shared/httpd/php/htdocs/Perique-Settings-Page/src/Setting/Field/Attribute/Query.php">
      <class name="PinkCrab\Perique_Settings_Page\Setting\Field\Attribute\Query" namespace="global">
        <metrics complexity="3" methods="3" coveredmethods="3" conditionals="0" coveredconditionals="0" statements="5" coveredstatements="5" elements="8" coveredelements="8"/>
      </class>
      <line num="42" type="method" name="set_query_args" visibility="public" complexity="1" crap="1" count="4"/>
      <line num="43" type="stmt" count="4"/>
      <line num="44" type="stmt" count="4"/>
      <line num="53" type="method" name="get_query_args" visibility="public" complexity="1" crap="1" count="7"/>
      <line num="54" type="stmt" count="7"/>
      <line num="63" type="method" name="set_option_label" visibility="public" complexity="1" crap="1" count="2"/>
      <line num="64" type="stmt" count="2"/>
      <line num="65" type="stmt" count="2"/>
      <metrics loc="82" ncloc="31" classes="1" methods="3" coveredmethods="3" conditionals="0" coveredconditionals="0" statements="5" coveredstatements="5" elements="8" coveredelements="8"/>
    </file>
    <file name="/shared/httpd/php/htdocs/Perique-Settings-Page/src/Setting/Field/Attribute/Range.php">
[...]
      <line num="73" type="stmt" count="5"/>
      <line num="81" type="method" name="get_title" visibility="public" complexity="1" crap="1" count="5"/>
      <line num="82" type="stmt" count="5"/>
      <line num="91" type="method" name="description" visibility="public" complexity="1" crap="1" count="3"/>
      <line num="92" type="stmt" count="3"/>
      <line num="93" type="stmt" count="3"/>
      <line num="101" type="method" name="get_description" visibility="public" complexity="1" crap="1" count="5"/>
      <line num="102" type="stmt" count="5"/>
      <line num="111" type="method" name="collapsible" visibility="public" complexity="1" crap="1" count="4"/>
      <line num="112" type="stmt" count="4"/>
      <line num="113" type="stmt" count="4"/>
      <line num="121" type="method" name="is_collapsible" visibility="public" complexity="1" crap="1" count="7"/>
      <line num="122" type="stmt" count="7"/>
      <line num="131" type="method" name="collapsed" visibility="public" complexity="1" crap="1" count="3"/>
      <line num="132" type="stmt" count="3"/>
      <line num="133" type="stmt" count="3"/>
      <line num="134" type="stmt" count="3"/>
      <line num="142" type="method" name="is_collapsed" visibility="public" complexity="1" crap="1" count="5"/>
      <line num="143" type="stmt" count="5"/>
      <line num="152" type="method" name="rtl" visibility="public" complexity="1" crap="1" count="3"/>
      <line num="153" type="stmt" count="3"/>
      <line num="154" type="stmt" count="3"/>
      <line num="162" type="method" name="is_rtl" visibility="public" complexity="1" crap="1" count="5"/>
      <line num="163" type="stmt" count="5"/>
      <metrics loc="166" ncloc="77" classes="1" methods="12" coveredmethods="12" conditionals="0" coveredconditionals="0" statements="20" coveredstatements="20" elements="32" coveredelements="32"/>
    </file>
    <file name="/shared/httpd/php/htdocs/Perique-Settings-Page/src/Setting/Layout/Stack.php">
      <class name="PinkCrab\Perique_Settings_Page\Setting\Layout\Stack" namespace="global">
        <metrics complexity="1" methods="1" coveredmethods="1" conditionals="0" coveredconditionals="0" statements="1" coveredstatements="1" elements="2" coveredelements="2"/>
      </class>
      <line num="20" type="method" name="get_type" visibility="public" complexity="1" crap="1" count="3"/>
      <line num="21" type="stmt" count="3"/>
      <metrics loc="24" ncloc="16" classes="1" methods="1" coveredmethods="1" conditionals="0" coveredconditionals="0" statements="1" coveredstatements="1" elements="2" coveredelements="2"/>
    </file>
    <file name="/shared/httpd/php/htdocs/Perique-Settings-Page/src/Setting/Renderable.php">
      <metrics loc="34" ncloc="14" classes="0" methods="0" coveredmethods="0" conditionals="0" coveredconditionals="0" statements="0" coveredstatements="0" elements="0" coveredelements="0"/>
    </file>
    <file name="/shared/httpd/php/htdocs/Perique-Settings-Page/src/Setting/Repository/WP_Options_Individual_Repository.php">
      <class name="PinkCrab\Perique_Settings_Page\Setting\Repository\WP_Options_Individual_Repository" namespace="global">
        <metrics complexity="7" methods="7" coveredmethods="7" conditionals="0" coveredconditionals="0" statements="8" coveredstatements="8" elements="15" coveredelements="15"/>
      </class>
      <line num="32" type="method" name="__construct" visibility="public" complexity="1" crap="1" count="9"/>
      <line num="33" type="stmt" count="9"/>
      <line num="42" type="method" name="prefixed" visibility="protected" complexity="1" crap="1" count="7"/>
      <line num="43" type="stmt" count="7"/>
      <line num="47" type="method" name="set" visibility="public" complexity="1" crap="1" count="2"/>
      <line num="48" type="stmt" count="2"/>
      <line num="52" type="method" name="get" visibility="public" complexity="1" crap="1" count="2"/>
      <line num="53" type="stmt" count="2"/>
      <line num="57" type="method" name="delete" visibility="public" complexity="1" crap="1" count="1"/>
      <line num="58" type="stmt" count="1"/>
      <line num="62" type="method" name="has" visibility="public" complexity="1" crap="1" count="2"/>
      <line num="63" type="stmt" count="2"/>
      <line num="64" type="stmt" count="2"/>
      <line num="72" type="method" name="allow_grouped" visibility="public" complexity="1" crap="1" count="2"/>
      <line num="73" type="stmt" count="2"/>
      <metrics loc="76" ncloc="43" classes="1" methods="7" coveredmethods="7" conditionals="0" coveredconditionals="0" statements="8" coveredstatements="8" elements="15" coveredelements="15"/>
    </file>
    <file name="/shared/httpd/php/htdocs/Perique-Settings-Page/src/Setting/Repository/WP_Options_Named_Groups_Repository.php">
      <class name="PinkCrab\Perique_Settings_Page\Setting\Repository\WP_Options_Named_Groups_Repository" namespace="global">
        <metrics complexity="15" methods="10" coveredmethods="10" conditionals="0" coveredconditionals="0" statements="30" coveredstatements="30" elements="40" coveredelements="40"/>
      </class>
      <line num="50" type="method" name="__construct" visibility="public" complexity="1" crap="1" count="10"/>
      <line num="51" type="stmt" count="10"/>
      <line num="52" type="stmt" count="10"/>
      <line num="61" type="method" name="find_group" visibility="protected" complexity="3" crap="3" count="9"/>
      <line num="62" type="stmt" count="9"/>
      <line num="63" type="stmt" count="9"/>
      <line num="64" type="stmt" count="6"/>
      <line num="67" type="stmt" count="3"/>
      <line num="76" type="method" name="option_name" visibility="protected" complexity="1" crap="1" count="9"/>
      <line num="77" type="stmt" count="9"/>
      <line num="86" type="method" name="load_group" visibility="protected" complexity="3" crap="3" count="9"/>
      <line num="87" type="stmt" count="9"/>
      <line num="88" type="stmt" count="9"/>
      <line num="89" type="stmt" count="9"/>
      <line num="91" type="stmt" count="9"/>
      <line num="101" type="method" name="save_group" visibility="protected" complexity="1" crap="1" count="6"/>
      <line num="102" type="stmt" count="6"/>
      <line num="103" type="stmt" count="6"/>
      <line num="107" type="method" name="set" visibility="public" complexity="1" crap="1" count="6"/>
      <line num="108" type="stmt" count="6"/>
      <line num="109" type="stmt" count="6"/>
      <line num="110" type="stmt" count="6"/>
      <line num="111" type="stmt" count="6"/>
      <line num="115" type="method" name="get" visibility="public" complexity="1" crap="1" count="2"/>
      <line num="116" type="stmt" count="2"/>
      <line num="117" type="stmt" count="2"/>
      <line num="118" type="stmt" count="2"/>
      <line num="122" type="method" name="delete" visibility="public" complexity="2" crap="2" count="2"/>
      <line num="123" type="stmt" count="2"/>
      <line num="124" type="stmt" count="2"/>
      <line num="126" type="stmt" count="2"/>
      <line num="127" type="stmt" count="1"/>
      <line num="130" type="stmt" count="1"/>
      <line num="131" type="stmt" count="1"/>
      <line num="135" type="method" name="has" visibility="public" complexity="1" crap="1" count="3"/>
      <line num="136" type="stmt" count="3"/>
      <line num="137" type="stmt" count="3"/>
      <line num="138" type="stmt" count="3"/>
      <line num="147" type="method" name="allow_grouped" visibility="public" complexity="1" crap="1" count="1"/>
      <line num="148" type="stmt" count="1"/>
      <metrics loc="151" ncloc="84" classes="1" methods="10" coveredmethods="10" conditionals="0" coveredconditionals="0" statements="30" coveredstatements="30" elements="40" coveredelements="40"/>
    </file>
    <file name="/shared/httpd/php/htdocs/Perique-Settings-Page/src/Setting/Repository/WP_Options_Settings_Repository.php">
      <class name="PinkCrab\Perique_Settings_Page\Setting\Repository\WP_Options_Settings_Repository" namespace="global">
        <metrics complexity="5" methods="5" coveredmethods="5" conditionals="0" coveredconditionals="0" statements="6" coveredstatements="6" elements="11" coveredelements="11"/>
      </class>
      <line num="38" type="method" name="set" visibility="public" complexity="1" crap="1" count="1"/>
      <line num="39" type="stmt" count="1"/>
      <line num="48" type="method" name="get" visibility="public" complexity="1" crap="1" count="1"/>
      <line num="49" type="stmt" count="1"/>
      <line num="58" type="method" name="delete" visibility="public" complexity="1" crap="1" count="1"/>
      <line num="59" type="stmt" count="1"/>
      <line num="68" type="method" name="has" visibility="public" complexity="1" crap="1" count="1"/>
      <line num="69" type="stmt" count="1"/>
      <line num="71" type="stmt" count="1"/>
      <line num="79" type="method" name="allow_grouped" visibility="public" complexity="1" crap="1" count="2"/>
      <line num="80" type="stmt" count="2"/>
      <metrics loc="83" ncloc="34" classes="1" methods="5" coveredmethods="5" conditionals="0" coveredconditionals="0" statements="6" coveredstatements="6" elements="11" coveredelements="11"/>
    </file>
    <file name="/shared/httpd/php/htdocs/Perique-Settings-Page/src/Setting/Repository/WP_Site_Options_Decorator.php">
      <class name="PinkCrab\Perique_Settings_Page\Setting\Repository\WP_Site_Options_Decorator" namespace="global">
        <metrics complexity="6" methods="6" coveredmethods="6" conditionals="0" coveredconditionals="0" statements="7" coveredstatements="7" elements="13" coveredelements="13"/>
      </class>
      <line num="38" type="method" name="__construct" visibility="public" complexity="1" crap="1" count="7"/>
      <line num="39" type="stmt" count="7"/>
      <line num="43" type="method" name="set" visibility="public" complexity="1" crap="1" count="1"/>
      <line num="44" type="stmt" count="1"/>
      <line num="48" type="method" name="get" visibility="public" complexity="1" crap="1" count="2"/>
      <line num="49" type="stmt" count="2"/>
      <line num="53" type="method" name="delete" visibility="public" complexity="1" crap="1" count="1"/>
      <line num="54" type="stmt" count="1"/>
      <line num="58" type="method" name="has" visibility="public" complexity="1" crap="1" count="2"/>
      <line num="59" type="stmt" count="2"/>
      <line num="60" type="stmt" count="2"/>
      <line num="68" type="method" name="allow_grouped" visibility="public" complexity="1" crap="1" count="1"/>
      <line num="69" type="stmt" count="1"/>
      <metrics loc="72" ncloc="39" classes="1" methods="6" coveredmethods="6" conditionals="0" coveredconditionals="0" statements="7" coveredstatements="7" elements="13" coveredelements="13"/>
    </file>
    <file name="/shared/httpd/php/htdocs/Perique-Settings-Page/src/Setting/Setting_Collection.php">
      <class name="PinkCrab\Perique_Settings_Page\Setting\Setting_Collection" namespace="global">
        <metrics complexity="8" methods="5" coveredmethods="5" conditionals="0" coveredconditionals="0" statements="22" coveredstatements="22" elements="27" coveredelements="27"/>
      </class>
      <line num="42" type="method" name="map_construct" visibility="protected" complexity="1" crap="1" count="69"/>
      <line num="43" type="stmt" count="69"/>
      <line num="44" type="stmt" count="69"/>
      <line num="45" type="stmt" count="69"/>
      <line num="46" type="stmt" count="65"/>
      <line num="47" type="stmt" count="69"/>
      <line num="48" type="stmt" count="69"/>
      <line num="59" type="method" name="set_value" visibility="public" complexity="3" crap="3" count="3"/>
      <line num="60" type="stmt" count="3"/>
      <line num="61" type="stmt" count="2"/>
      <line num="62" type="stmt" count="2"/>
      <line num="63" type="stmt" count="2"/>
      <line num="64" type="stmt" count="2"/>
      <line num="67" type="stmt" count="3"/>
      <line num="75" type="method" name="get_keys" visibility="public" complexity="1" crap="1" count="1"/>
      <line num="76" type="stmt" count="1"/>
      <line num="77" type="stmt" count="1"/>
      <line num="79" type="stmt" count="1"/>
      <line num="80" type="stmt" count="1"/>
      <line num="81" type="stmt" count="1"/>
      <line num="82" type="stmt" count="1"/>
      <line num="91" type="method" name="push" visibility="public" complexity="2" crap="2" count="64"/>
      <line num="92" type="stmt" count="64"/>
      <line num="94" type="stmt" count="63"/>
      <line num="96" type="stmt" count="64"/>
      <line num="108" type="method" name="set" visibility="public" complexity="1" crap="1" count="3"/>
      <line num="109" type="stmt" count="3"/>
      <metrics loc="112" ncloc="57" classes="1" methods="5" coveredmethods="5" conditionals="0" coveredconditionals="0" statements="22" coveredstatements="22" elements="27" coveredelements="27"/>
    </file>
    <file name="/shared/httpd/php/htdocs/Perique-Settings-Page/src/Setting/Setting_Repository.php">
      <metrics loc="69" ncloc="20" classes="0" methods="0" coveredmethods="0" conditionals="0" coveredconditionals="0" statements="0" coveredstatements="0" elements="0" coveredelements="0"/>
    </file>
    <file name="/shared/httpd/php/htdocs/Perique-Settings-Page/src/Util/Buffer.php">
      <class name="PinkCrab\Perique_Settings_Page\Util\Buffer" namespace="global">
        <metrics complexity="3" methods="2" coveredmethods="2" conditionals="0" coveredconditionals="0" statements="5" coveredstatements="5" elements="7" coveredelements="7"/>
      </class>
      <line num="32" type="method" name="__construct" visibility="public" complexity="1" crap="1" count="6"/>
      <line num="33" type="stmt" count="6"/>
      <line num="41" type="method" name="__invoke" visibility="public" complexity="2" crap="2" count="6"/>
      <line num="42" type="stmt" count="6"/>
      <line num="43" type="stmt" count="6"/>
      <line num="44" type="stmt" count="6"/>
      <line num="45" type="stmt" count="6"/>
      <metrics loc="48" ncloc="23" classes="1" methods="2" coveredmethods="2" conditionals="0" coveredconditionals="0" statements="5" coveredstatements="5" elements="7" coveredelements="7"/>
    </file>
    <file name="/shared/httpd/php/htdocs/Perique-Settings-Page/src/Util/Cast.php">
      <class name="PinkCrab\Perique_Settings_Page\Util\Cast" namespace="global">
        <metrics complexity="6" methods="3" coveredmethods="3" conditionals="0" coveredconditionals="0" statements="7" coveredstatements="7" elements="10" coveredelements="10"/>
      </class>
      <line num="26" type="method" name="to_string" visibility="public" complexity="3" crap="3" count="75"/>
      <line num="27" type="stmt" count="75"/>
      <line num="28" type="stmt" count="67"/>
      <line num="30" type="stmt" count="17"/>
      <line num="42" type="method" name="to_int" visibility="public" complexity="2" crap="2" count="14"/>
      <line num="43" type="stmt" count="14"/>
      <line num="44" type="stmt" count="10"/>
      <line num="46" type="stmt" count="4"/>
      <line num="56" type="method" name="esc_attr" visibility="public" complexity="1" crap="1" count="15"/>
      <line num="57" type="stmt" count="15"/>
      <metrics loc="60" ncloc="28" classes="1" methods="3" coveredmethods="3" conditionals="0" coveredconditionals="0" statements="7" coveredstatements="7" elements="10" coveredelements="10"/>
    </file>
    <file name="/shared/httpd/php/htdocs/Perique-Settings-Page/src/Util/File_Helper.php">
      <class name="PinkCrab\Perique_Settings_Page\Util\File_Helper" namespace="global">
        <metrics complexity="3" methods="3" coveredmethods="3" conditionals="0" coveredconditionals="0" statements="8" coveredstatements="8" elements="11" coveredelements="11"/>
      </class>
      <line num="35" type="method" name="get_file_url" visibility="public" complexity="1" crap="1" count="7"/>
      <line num="36" type="stmt" count="7"/>
      <line num="37" type="stmt" count="7"/>
      <line num="38" type="stmt" count="7"/>
      <line num="39" type="stmt" count="7"/>
      <line num="40" type="stmt" count="7"/>
      <line num="42" type="stmt" count="7"/>
      <line num="50" type="method" name="assets_path" visibility="public" complexity="1" crap="1" count="6"/>
      <line num="51" type="stmt" count="6"/>
      <line num="59" type="method" name="assets_url" visibility="public" complexity="1" crap="1" count="5"/>
      <line num="60" type="stmt" count="5"/>
      <metrics loc="63" ncloc="28" classes="1" methods="3" coveredmethods="3" conditionals="0" coveredconditionals="0" statements="8" coveredstatements="8" elements="11" coveredelements="11"/>
    </file>
    <file name="/shared/httpd/php/htdocs/Perique-Settings-Page/src/Util/Form_Helper.php">
      <class name="PinkCrab\Perique_Settings_Page\Util\Form_Helper" namespace="global">
        <metrics complexity="3" methods="3" coveredmethods="3" conditionals="0" coveredconditionals="0" statements="19" coveredstatements="19" elements="22" coveredelements="22"/>
      </class>
      <line num="35" type="method" name="success_notice" visibility="public" complexity="1" crap="1" count="3"/>
      <line num="36" type="stmt" count="3"/>
      <line num="37" type="stmt" count="3"/>
      <line num="38" type="stmt" count="3"/>
      <line num="39" type="stmt" count="2"/>
      <line num="40" type="stmt" count="2"/>
      <line num="41" type="stmt" count="2"/>
      <line num="42" type="stmt" count="2"/>
      <line num="43" type="stmt" count="3"/>
      <line num="44" type="stmt" count="3"/>
      <line num="53" type="method" name="error_notice" visibility="public" complexity="1" crap="1" count="2"/>
      <line num="54" type="stmt" count="2"/>
      <line num="55" type="stmt" count="2"/>
      <line num="56" type="stmt" count="2"/>
      <line num="57" type="stmt" count="1"/>
      <line num="58" type="stmt" count="1"/>
      <line num="59" type="stmt" count="1"/>
      <line num="60" type="stmt" count="1"/>
      <line num="61" type="stmt" count="2"/>
      <line num="62" type="stmt" count="2"/>
      <line num="71" type="method" name="nonce_handle" visibility="public" complexity="1" crap="1" count="28"/>
      <line num="72" type="stmt" count="28"/>
      <metrics loc="75" ncloc="38" classes="1" methods="3" coveredmethods="3" conditionals="0" coveredconditionals="0" statements="19" coveredstatements="19" elements="22" coveredelements="22"/>
    </file>
    <file name="/shared/httpd/php/htdocs/Perique-Settings-Page/src/Util/Hooks.php">
      <class name="PinkCrab\Perique_Settings_Page\Util\Hooks" namespace="global">
        <metrics complexity="4" methods="4" coveredmethods="4" conditionals="0" coveredconditionals="0" statements="4" coveredstatements="4" elements="8" coveredelements="8"/>
      </class>
      <line num="71" type="method" name="settings_page_header_action" visibility="public" complexity="1" crap="1" count="2"/>
      <line num="72" type="stmt" count="2"/>
      <line num="82" type="method" name="settings_page_footer_action" visibility="public" complexity="1" crap="1" count="2"/>
      <line num="83" type="stmt" count="2"/>
      <line num="92" type="method" name="settings_page_view_path" visibility="public" complexity="1" crap="1" count="2"/>
      <line num="93" type="stmt" count="2"/>
      <line num="102" type="method" name="settings_page_view_data" visibility="public" complexity="1" crap="1" count="2"/>
      <line num="103" type="stmt" count="2"/>
      <metrics loc="106" ncloc="40" classes="1" methods="4" coveredmethods="4" conditionals="0" coveredconditionals="0" statements="4" coveredstatements="4" elements="8" coveredelements="8"/>
    </file>
    <metrics files="61" loc="7691" ncloc="4263" classes="59" methods="361" coveredmethods="361" conditionals="0" coveredconditionals="0" statements="1604" coveredstatements="1604" elements="1965" coveredelements="1965"/>
  </project>
</coverage>
